This is e-pTeXk, Version 3.1415926-p3.1.11-100420 (utf8.euc) (Web2C 2009) (format=eplatex 2012.11.15)  21 AUG 2014 12:58
entering extended mode
 Source specials enabled.
 %&-line parsing enabled.
**sfe2.tex
(./sfe2.tex
pLaTeX2e <2006/11/10>+0 (based on LaTeX2e <2009/09/24> patch level 0)
(./sice.cls
Document Class: sice 2012/09/05 v1.02 for Transactions of SICE
\@JQ=\dimen118
\@Q=\dimen119
\@EM=\dimen120
\c@@paper=\count81
LaTeX Font Info:    External font `jis at8.8711pt' loaded for size
(Font)              <9> on input line 321.
\@tempdimc=\dimen121
\belowtitlesep=\dimen122
\@authorlist=\toks15
\@authorcnt=\count82
\@alcnt=\count83
\total@nr=\count84
\@tempboxb=\box41
\@tempboxc=\box42
\@tempboxd=\box43
\chk@alcnt=\count85
\@SPRcnta=\count86
\@SPRcntb=\count87
\@SPRcntc=\count88
\@abstractbox=\box44
\@keywordsbox=\box45
\c@section=\count89
\c@subsection=\count90
\c@subsubsection=\count91
\c@paragraph=\count92
\c@subparagraph=\count93
\verbatimskip=\dimen123
\verbatimleftmargin=\dimen124
\verbatimbaselineskip=\dimen125
\c@figure=\count94
\c@table=\count95
\c@photo=\count96
\abovecaptionskip=\skip41
\belowcaptionskip=\skip42
\capwidth=\dimen126
\symmincho=\mathgroup4
LaTeX Font Info:    Overwriting symbol font `mincho' in version `bold'
(Font)                  JY1/mc/m/n --> JY1/gt/m/n on input line 2064.
\bibindent=\dimen127
\c@profile=\count97
\mathindent=\dimen128
\heisei=\count98
\@minsofar=\count99
\@min=\count100
\@cite@temp=\count101
\@Float@temp=\count102
) (/usr/share/texmf-dist/tex/latex/graphics/graphicx.sty
Package: graphicx 1999/02/16 v1.0f Enhanced LaTeX Graphics (DPC,SPQR)

(/usr/share/texmf-dist/tex/latex/graphics/keyval.sty
Package: keyval 1999/03/16 v1.13 key=value parser (DPC)
\KV@toks@=\toks16
)
(/usr/share/texmf-dist/tex/latex/graphics/graphics.sty
Package: graphics 2009/02/05 v1.0o Standard LaTeX Graphics (DPC,SPQR)

(/usr/share/texmf-dist/tex/latex/graphics/trig.sty
Package: trig 1999/03/16 v1.09 sin cos tan (DPC)
)
(/usr/share/texmf-dist/tex/latex/latexconfig/graphics.cfg
File: graphics.cfg 2009/08/28 v1.8 graphics configuration of TeX Live
)
Package graphics Info: Driver file: dvips.def on input line 91.

(/usr/share/texmf-dist/tex/latex/graphics/dvips.def
File: dvips.def 1999/02/16 v3.0i Driver-dependant file (DPC,SPQR)
))
\Gin@req@height=\dimen129
\Gin@req@width=\dimen130
)
(/usr/share/texmf-dist/tex/latex/amsmath/amsmath.sty
Package: amsmath 2000/07/18 v2.13 AMS math features
\@mathmargin=\skip43

For additional information on amsmath, use the `?' option.
(/usr/share/texmf-dist/tex/latex/amsmath/amstext.sty
Package: amstext 2000/06/29 v2.01

(/usr/share/texmf-dist/tex/latex/amsmath/amsgen.sty
File: amsgen.sty 1999/11/30 v2.0
\@emptytoks=\toks17
\ex@=\dimen131
))
(/usr/share/texmf-dist/tex/latex/amsmath/amsbsy.sty
Package: amsbsy 1999/11/29 v1.2d
\pmbraise@=\dimen132
)
(/usr/share/texmf-dist/tex/latex/amsmath/amsopn.sty
Package: amsopn 1999/12/14 v2.01 operator names
)
\inf@bad=\count103
LaTeX Info: Redefining \frac on input line 211.
\uproot@=\count104
\leftroot@=\count105
LaTeX Info: Redefining \overline on input line 307.
\classnum@=\count106
\DOTSCASE@=\count107
LaTeX Info: Redefining \ldots on input line 379.
LaTeX Info: Redefining \dots on input line 382.
LaTeX Info: Redefining \cdots on input line 467.
\Mathstrutbox@=\box46
\strutbox@=\box47
\big@size=\dimen133
LaTeX Font Info:    Redeclaring font encoding OML on input line 567.
LaTeX Font Info:    Redeclaring font encoding OMS on input line 568.
\macc@depth=\count108
\c@MaxMatrixCols=\count109
\dotsspace@=\muskip10
\c@parentequation=\count110
\dspbrk@lvl=\count111
\tag@help=\toks18
\row@=\count112
\column@=\count113
\maxfields@=\count114
\andhelp@=\toks19
\eqnshift@=\dimen134
\alignsep@=\dimen135
\tagshift@=\dimen136
\tagwidth@=\dimen137
\totwidth@=\dimen138
\lineht@=\dimen139
\@envbody=\toks20
\multlinegap=\skip44
\multlinetaggap=\skip45
\mathdisplay@stack=\toks21
LaTeX Info: Redefining \[ on input line 2666.
LaTeX Info: Redefining \] on input line 2667.
)
(/usr/share/texmf-dist/tex/latex/amsfonts/amssymb.sty
Package: amssymb 2009/06/22 v3.00

(/usr/share/texmf-dist/tex/latex/amsfonts/amsfonts.sty
Package: amsfonts 2009/06/22 v3.00 Basic AMSFonts support
\symAMSa=\mathgroup5
\symAMSb=\mathgroup6
LaTeX Font Info:    Overwriting math alphabet `\mathfrak' in version `bold'
(Font)                  U/euf/m/n --> U/euf/b/n on input line 96.
))
(/usr/share/texmf-dist/tex/generic/epsf/epsf.sty
This is `epsf.tex' v2.7.3 <23 July 2005>
\epsffilein=\read1
\epsfframemargin=\dimen140
\epsfframethickness=\dimen141
\epsfrsize=\dimen142
\epsftmp=\dimen143
\epsftsize=\dimen144
\epsfxsize=\dimen145
\epsfysize=\dimen146
\pspoints=\dimen147
) (./algorithm.sty
Package: algorithm 2009/08/24 v0.1 Document Style `algorithm' - floating enviro
nment
 (/usr/share/texmf-dist/tex/latex/float/float.sty
Package: float 2001/11/08 v1.3d Float enhancements (AL)
\c@float@type=\count115
\float@exts=\toks22
\float@box=\box48
\@float@everytoks=\toks23
\@floatcapt=\box49
)
(/usr/share/texmf-dist/tex/latex/base/ifthen.sty
Package: ifthen 2001/05/26 v1.1c Standard LaTeX ifthen package (DPC)
)
\@float@every@algorithm=\toks24
\c@algorithm=\count116
) (./algorithmic.sty
Package: algorithmic 2009/08/24 v0.1 Document Style `algorithmic'
\c@ALC@unique=\count117
\c@ALC@line=\count118
\c@ALC@rem=\count119
\c@ALC@depth=\count120
\ALC@tlm=\skip46
\algorithmicindent=\skip47
)
(./sfe2.aux)
\openout1 = `sfe2.aux'.

LaTeX Font Info:    Checking defaults for OML/cmm/m/it on input line 42.
LaTeX Font Info:    ... okay on input line 42.
LaTeX Font Info:    Checking defaults for T1/cmr/m/n on input line 42.
LaTeX Font Info:    ... okay on input line 42.
LaTeX Font Info:    Checking defaults for OT1/cmr/m/n on input line 42.
LaTeX Font Info:    ... okay on input line 42.
LaTeX Font Info:    Checking defaults for OMS/cmsy/m/n on input line 42.
LaTeX Font Info:    ... okay on input line 42.
LaTeX Font Info:    Checking defaults for OMX/cmex/m/n on input line 42.
LaTeX Font Info:    ... okay on input line 42.
LaTeX Font Info:    Checking defaults for U/cmr/m/n on input line 42.
LaTeX Font Info:    ... okay on input line 42.
LaTeX Font Info:    Checking defaults for JY1/mc/m/n on input line 42.
LaTeX Font Info:    ... okay on input line 42.
LaTeX Font Info:    Checking defaults for JT1/mc/m/n on input line 42.
LaTeX Font Info:    ... okay on input line 42.


Class sice Warning: Author's name "新田　益大" doesn't have a space.

LaTeX Font Info:    Font shape `JT1/mc/bx/n' in size <9> not available
(Font)              Font shape `JT1/gt/m/n' tried instead on input line 78.
LaTeX Font Info:    External font `jisg at8.8711pt' loaded for size
(Font)              <9> on input line 78.
LaTeX Font Info:    External font `jis at8.1318pt' loaded for size
(Font)              <8> on input line 81.
LaTeX Font Info:    Font shape `JT1/mc/bx/n' in size <8> not available
(Font)              Font shape `JT1/gt/m/n' tried instead on input line 81.
LaTeX Font Info:    External font `jisg at8.1318pt' loaded for size
(Font)              <8> on input line 81.
LaTeX Font Info:    External font `jis at14.785pt' loaded for size
(Font)              <14.4> on input line 81.
LaTeX Font Info:    Font shape `JT1/mc/bx/n' in size <14.4> not available
(Font)              Font shape `JT1/gt/m/n' tried instead on input line 81.
LaTeX Font Info:    External font `jisg at14.785pt' loaded for size
(Font)              <14.4> on input line 81.
LaTeX Font Info:    External font `jis at13.307pt' loaded for size
(Font)              <12> on input line 81.
LaTeX Font Info:    Font shape `JT1/mc/bx/n' in size <12> not available
(Font)              Font shape `JT1/gt/m/n' tried instead on input line 81.
LaTeX Font Info:    External font `jisg at13.307pt' loaded for size
(Font)              <12> on input line 81.
LaTeX Font Info:    External font `jis at11.089pt' loaded for size
(Font)              <10.95> on input line 81.
LaTeX Font Info:    External font `jis at5.9141pt' loaded for size
(Font)              <6> on input line 81.
LaTeX Font Info:    Try loading font information for U+msa on input line 81.
(/usr/share/texmf-dist/tex/latex/amsfonts/umsa.fd
File: umsa.fd 2009/06/22 v3.00 AMS symbols A
)
LaTeX Font Info:    Try loading font information for U+msb on input line 81.

(/usr/share/texmf-dist/tex/latex/amsfonts/umsb.fd
File: umsb.fd 2009/06/22 v3.00 AMS symbols B
)
LaTeX Font Info:    External font `jis at9.6104pt' loaded for size
(Font)              <10> on input line 81.
LaTeX Font Info:    Font shape `JT1/mc/m/sc' in size <10> not available
(Font)              Font shape `JT1/mc/m/n' tried instead on input line 81.
LaTeX Font Info:    Font shape `JY1/mc/m/sc' in size <10> not available
(Font)              Font shape `JY1/mc/m/n' tried instead on input line 81.
LaTeX Font Info:    External font `jis at9.6104pt' loaded for size
(Font)              <10> on input line 81.
LaTeX Font Info:    External font `jis at7.3926pt' loaded for size
(Font)              <7> on input line 81.
LaTeX Font Info:    External font `jis at5.1748pt' loaded for size
(Font)              <5> on input line 81.
LaTeX Font Info:    Font shape `JT1/mc/bx/n' in size <10> not available
(Font)              Font shape `JT1/gt/m/n' tried instead on input line 83.
LaTeX Font Info:    External font `jisg at9.6104pt' loaded for size
(Font)              <10> on input line 83.
LaTeX Font Info:    Try loading font information for OMS+cmr on input line 174.


(/usr/share/texmf-dist/tex/latex/base/omscmr.fd
File: omscmr.fd 1999/05/25 v2.5h Standard LaTeX font definitions
)
LaTeX Font Info:    Font shape `OMS/cmr/m/n' in size <7> not available
(Font)              Font shape `OMS/cmsy/m/n' tried instead on input line 174.
 [1


]

Package amsfonts Warning: Obsolete command \Bbb; \mathbb should be used instead
 on input line 235.

LaTeX Font Info:    External font `jisg at8.8711pt' loaded for size
(Font)              <9> on input line 316.
LaTeX Font Info:    External font `jisg at5.9141pt' loaded for size
(Font)              <6> on input line 316.
LaTeX Font Info:    External font `jisg at5.1748pt' loaded for size
(Font)              <5> on input line 316.
LaTeX Font Info:    Font shape `JT1/mc/bx/sl' in size <8> not available
(Font)              Font shape `JT1/mc/m/n' tried instead on input line 324.
LaTeX Font Info:    Font shape `JY1/mc/bx/sl' in size <8> not available
(Font)              Font shape `JY1/mc/m/n' tried instead on input line 324.
LaTeX Font Info:    External font `jis at8.1318pt' loaded for size
(Font)              <8> on input line 324.
[2]
File: fig/phi2.eps Graphic file (type eps)
 <fig/phi2.eps>
File: fig/ddphi2.eps Graphic file (type eps)
 <fig/ddphi2.eps>
File: fig/sim2.eps Graphic file (type eps)
 <fig/sim2.eps>

Class sice Warning: \profile "新田　益大" does not have a space.

File: a2.eps Graphic file (type eps)
<a2.eps> [3] (./sfe2.aux) ) 
Here is how much of TeX's memory you used:
 2148 strings out of 494089
 24285 string characters out of 3159938
 96840 words of memory out of 3000000
 5517 multiletter control sequences out of 15000+200000
 23636 words of font info for 104 fonts, out of 3000000 for 9000
 714 hyphenation exceptions out of 8191
 28i,14n,25p,329b,334s stack positions out of 5000i,500n,10000p,200000b,50000s

Output written on sfe2.dvi (3 pages, 29200 bytes).
