This is e-pTeX, Version 3.1415926-p3.4-110825-2.6 (utf8.euc) (TeX Live 2013/Debian) (format=platex 2015.1.8)  27 FEB 2015 14:23
entering extended mode
 restricted \write18 enabled.
 %&-line parsing enabled.
**dfe.tex
(./dfe.tex
pLaTeX2e <2006/11/10> (based on LaTeX2e <2011/06/27> patch level 0)
Babel <3.9h> and hyphenation patterns for 11 languages loaded.
(/usr/share/texlive/texmf-dist/tex/platex/base/jarticle.cls
Document Class: jarticle 2006/06/27 v1.6 Standard pLaTeX class
\c@@paper=\count81
(/usr/share/texlive/texmf-dist/tex/platex/base/jsize12.clo
File: jsize12.clo 2006/06/27 v1.6 Standard pLaTeX file (size option)
)
\c@part=\count82
\c@section=\count83
\c@subsection=\count84
\c@subsubsection=\count85
\c@paragraph=\count86
\c@subparagraph=\count87
\c@figure=\count88
\c@table=\count89
\abovecaptionskip=\skip41
\belowcaptionskip=\skip42
\symmincho=\mathgroup4
LaTeX Font Info:    Overwriting symbol font `mincho' in version `bold'
(Font)                  JY1/mc/m/n --> JY1/gt/m/n on input line 601.
\toclineskip=\dimen118
\@lnumwidth=\dimen119
\bibindent=\dimen120
\heisei=\count90
)
(/usr/share/texlive/texmf-dist/tex/latex/graphics/graphicx.sty
Package: graphicx 1999/02/16 v1.0f Enhanced LaTeX Graphics (DPC,SPQR)

(/usr/share/texlive/texmf-dist/tex/latex/graphics/keyval.sty
Package: keyval 1999/03/16 v1.13 key=value parser (DPC)
\KV@toks@=\toks15
)
(/usr/share/texlive/texmf-dist/tex/latex/graphics/graphics.sty
Package: graphics 2009/02/05 v1.0o Standard LaTeX Graphics (DPC,SPQR)

(/usr/share/texlive/texmf-dist/tex/latex/graphics/trig.sty
Package: trig 1999/03/16 v1.09 sin cos tan (DPC)
)
(/usr/share/texlive/texmf-dist/tex/latex/latexconfig/graphics.cfg
File: graphics.cfg 2010/04/23 v1.9 graphics configuration of TeX Live
)
Package graphics Info: Driver file: dvipdfmx.def on input line 91.

(/usr/share/texlive/texmf-dist/tex/latex/dvipdfmx-def/dvipdfmx.def
File: dvipdfmx.def 2014/01/23 v3.4 LaTeX graphics driver for dvipdfmx (TeX Live
/ChoF)
))
\Gin@req@height=\dimen121
\Gin@req@width=\dimen122
)
(/usr/share/texlive/texmf-dist/tex/latex/amsmath/amsmath.sty
Package: amsmath 2013/01/14 v2.14 AMS math features
\@mathmargin=\skip43

For additional information on amsmath, use the `?' option.
(/usr/share/texlive/texmf-dist/tex/latex/amsmath/amstext.sty
Package: amstext 2000/06/29 v2.01

(/usr/share/texlive/texmf-dist/tex/latex/amsmath/amsgen.sty
File: amsgen.sty 1999/11/30 v2.0
\@emptytoks=\toks16
\ex@=\dimen123
))
(/usr/share/texlive/texmf-dist/tex/latex/amsmath/amsbsy.sty
Package: amsbsy 1999/11/29 v1.2d
\pmbraise@=\dimen124
)
(/usr/share/texlive/texmf-dist/tex/latex/amsmath/amsopn.sty
Package: amsopn 1999/12/14 v2.01 operator names
)
\inf@bad=\count91
LaTeX Info: Redefining \frac on input line 210.
\uproot@=\count92
\leftroot@=\count93
LaTeX Info: Redefining \overline on input line 306.
\classnum@=\count94
\DOTSCASE@=\count95
LaTeX Info: Redefining \ldots on input line 378.
LaTeX Info: Redefining \dots on input line 381.
LaTeX Info: Redefining \cdots on input line 466.
\Mathstrutbox@=\box41
\strutbox@=\box42
\big@size=\dimen125
LaTeX Font Info:    Redeclaring font encoding OML on input line 566.
LaTeX Font Info:    Redeclaring font encoding OMS on input line 567.
\macc@depth=\count96
\c@MaxMatrixCols=\count97
\dotsspace@=\muskip10
\c@parentequation=\count98
\dspbrk@lvl=\count99
\tag@help=\toks17
\row@=\count100
\column@=\count101
\maxfields@=\count102
\andhelp@=\toks18
\eqnshift@=\dimen126
\alignsep@=\dimen127
\tagshift@=\dimen128
\tagwidth@=\dimen129
\totwidth@=\dimen130
\lineht@=\dimen131
\@envbody=\toks19
\multlinegap=\skip44
\multlinetaggap=\skip45
\mathdisplay@stack=\toks20
LaTeX Info: Redefining \[ on input line 2665.
LaTeX Info: Redefining \] on input line 2666.
)
(/usr/share/texlive/texmf-dist/tex/latex/amsfonts/amssymb.sty
Package: amssymb 2013/01/14 v3.01 AMS font symbols

(/usr/share/texlive/texmf-dist/tex/latex/amsfonts/amsfonts.sty
Package: amsfonts 2013/01/14 v3.01 Basic AMSFonts support
\symAMSa=\mathgroup5
\symAMSb=\mathgroup6
LaTeX Font Info:    Overwriting math alphabet `\mathfrak' in version `bold'
(Font)                  U/euf/m/n --> U/euf/b/n on input line 106.
))
(/usr/share/texlive/texmf-dist/tex/latex/graphics/epsfig.sty
Package: epsfig 1999/02/16 v1.7a (e)psfig emulation (SPQR)
\epsfxsize=\dimen132
\epsfysize=\dimen133
)
(/usr/share/texlive/texmf-dist/tex/latex/tools/bm.sty
Package: bm 2004/02/26 v1.1c Bold Symbol Support (DPC/FMi)
\symboldoperators=\mathgroup7
\symboldletters=\mathgroup8
\symboldsymbols=\mathgroup9
\symboldmincho=\mathgroup10
LaTeX Font Info:    Redeclaring math alphabet \mathbf on input line 138.
LaTeX Info: Redefining \bm on input line 204.
)
(/usr/share/texlive/texmf-dist/tex/platex/base/ascmac.sty
(/usr/share/texlive/texmf-dist/tex/platex/base/tascmac.sty
\@savetbaselineshift=\dimen134
\@saveybaselineshift=\dimen135
\scb@x=\box43
\scscb@x=\box44
\@bw=\dimen136
\@nbox=\box45
\@nbody=\box46
\@scw=\dimen137
\@itemh=\dimen138
\@iboxpos=\toks21
\@iboxstr=\box47
\@bwsp=\box48
\@@bwsp=\box49
\@bcal=\count103
\shaderule=\dimen139
))
(/usr/share/texlive/texmf-dist/tex/latex/psnfss/pifont.sty
Package: pifont 2005/04/12 PSNFSS-v9.2a Pi font support (SPQR) 

(I search kanjifont definition file: . . ) (I search font definition file: . .
. . . . . )
LaTeX Font Info:    Try loading font information for U+pzd on input line 63.
 (/usr/share/texlive/texmf-dist/tex/latex/psnfss/upzd.fd
File: upzd.fd 2001/06/04 font definitions for U/pzd.
)
! Font U/pzd/m/n/12=pzdr at 12.0pt not loadable: Metric (TFM) file not found.
<to be read again> 
                   relax 
l.63 {\Pifont{pzd}
                  }
I wasn't able to read the size data for this font,
so I will ignore the font specification.
[Wizards can fix TFM files using TFtoPL/PLtoTF.]
You might try inserting a different font spec;
e.g., type `I\font<same font id>=<substitute font name>'.

(I search kanjifont definition file: . . ) (I search font definition file: . .
. . . . . )
LaTeX Font Info:    Try loading font information for U+psy on input line 64.
 (/usr/share/texlive/texmf-dist/tex/latex/psnfss/upsy.fd
File: upsy.fd 2001/06/04 font definitions for U/psy.
)
! Font U/psy/m/n/12=psyr at 12.0pt not loadable: Metric (TFM) file not found.
<to be read again> 
                   relax 
l.64 {\Pifont{psy}
                  }
I wasn't able to read the size data for this font,
so I will ignore the font specification.
[Wizards can fix TFM files using TFtoPL/PLtoTF.]
You might try inserting a different font spec;
e.g., type `I\font<same font id>=<substitute font name>'.

) (/usr/share/texlive/texmf-dist/tex/latex/multirow/multirow.sty
\bigstrutjot=\dimen140
)
(/usr/share/texlive/texmf-dist/tex/latex/tools/enumerate.sty
Package: enumerate 1999/03/05 v3.00 enumerate extensions (DPC)
\@enLab=\toks22
)
(/usr/share/texlive/texmf-dist/tex/latex/cases/cases.sty
Package: cases 2002/05/02 ver 2.5 
)
(/usr/share/texlive/texmf-dist/tex/latex/type1cm/type1cm.sty
Package: type1cm 2002/09/05 v0.04 BlueSky/Y&Y Type1 CM font definitions (DPC, p
atched RF)
) (./algorithm.sty
Package: algorithm 2009/08/24 v0.1 Document Style `algorithm' - floating enviro
nment

(/usr/share/texlive/texmf-dist/tex/latex/float/float.sty
Package: float 2001/11/08 v1.3d Float enhancements (AL)
\c@float@type=\count104
\float@exts=\toks23
\float@box=\box50
\@float@everytoks=\toks24
\@floatcapt=\box51
)
(/usr/share/texlive/texmf-dist/tex/latex/base/ifthen.sty
Package: ifthen 2001/05/26 v1.1c Standard LaTeX ifthen package (DPC)
)
\@float@every@algorithm=\toks25
\c@algorithm=\count105
) (./algorithmic.sty
Package: algorithmic 2009/08/24 v0.1 Document Style `algorithmic'
\c@ALC@unique=\count106
\c@ALC@line=\count107
\c@ALC@rem=\count108
\c@ALC@depth=\count109
\ALC@tlm=\skip46
\algorithmicindent=\skip47
)
(./dfe.aux)
\openout1 = `dfe.aux'.

LaTeX Font Info:    Checking defaults for OML/cmm/m/it on input line 69.
LaTeX Font Info:    ... okay on input line 69.
LaTeX Font Info:    Checking defaults for T1/cmr/m/n on input line 69.
LaTeX Font Info:    ... okay on input line 69.
LaTeX Font Info:    Checking defaults for OT1/cmr/m/n on input line 69.
LaTeX Font Info:    ... okay on input line 69.
LaTeX Font Info:    Checking defaults for OMS/cmsy/m/n on input line 69.
LaTeX Font Info:    ... okay on input line 69.
LaTeX Font Info:    Checking defaults for OMX/cmex/m/n on input line 69.
LaTeX Font Info:    ... okay on input line 69.
LaTeX Font Info:    Checking defaults for U/cmr/m/n on input line 69.
LaTeX Font Info:    ... okay on input line 69.
LaTeX Font Info:    Checking defaults for JY1/mc/m/n on input line 69.
LaTeX Font Info:    ... okay on input line 69.
LaTeX Font Info:    Checking defaults for JT1/mc/m/n on input line 69.
LaTeX Font Info:    ... okay on input line 69.
 [1

]
LaTeX Font Info:    Font shape `JT1/mc/bx/n' in size <10.95> not available
(Font)              Font shape `JT1/gt/m/n' tried instead on input line 77.
LaTeX Font Info:    Font shape `JY1/mc/bx/n' in size <10.95> not available
(Font)              Font shape `JY1/gt/m/n' tried instead on input line 77.
 [2]
LaTeX Font Info:    Font shape `JT1/mc/bx/n' in size <17.28> not available
(Font)              Font shape `JT1/gt/m/n' tried instead on input line 90.
LaTeX Font Info:    Font shape `JY1/mc/bx/n' in size <17.28> not available
(Font)              Font shape `JY1/gt/m/n' tried instead on input line 90.
 (./dfe.toc
LaTeX Font Info:    Font shape `JT1/mc/bx/n' in size <12> not available
(Font)              Font shape `JT1/gt/m/n' tried instead on input line 1.
LaTeX Font Info:    Font shape `JY1/mc/bx/n' in size <12> not available
(Font)              Font shape `JY1/gt/m/n' tried instead on input line 1.
)
\tf@toc=\write3
\openout3 = `dfe.toc'.

 [3]
LaTeX Font Info:    Font shape `JT1/mc/bx/n' in size <14.4> not available
(Font)              Font shape `JT1/gt/m/n' tried instead on input line 120.
LaTeX Font Info:    Font shape `JY1/mc/bx/n' in size <14.4> not available
(Font)              Font shape `JY1/gt/m/n' tried instead on input line 120.
 [4] [5] [6] [7]

! Package amsmath Error: Multiple \label's: label '21' will be lost.

See the amsmath package documentation for explanation.
Type  H <return>  for immediate help.
 ...                                              
                                                  
l.286 \label{22}\end{align}
                           
Your command was ignored.
Type  I <command> <return>  to replace it with another command,
or  <return>  to continue without it.

! Missing $ inserted.
<inserted text> 
                $
l.294 ここでT_
              s=0.01[s]および$\sigma=((N-20)/2+20)T_s/16$とし
I've inserted a begin-math/end-math symbol since I think
you left one out. Proceed, with fingers crossed.

! Missing $ inserted.
<inserted text> 
                $
l.294 ここでT_s=0.01[s]および$\sigma
                                    =((N-20)/2+20)T_s/16$とし
I've inserted a begin-math/end-math symbol since I think
you left one out. Proceed, with fingers crossed.

File: phi.eps Graphic file (type eps)
<phi.eps>
File: ddphi.eps Graphic file (type eps)
 <ddphi.eps>
File: check.eps Graphic file (type eps)
 <check.eps>

LaTeX Warning: `h' float specifier changed to `ht'.

File: checkzoom.eps Graphic file (type eps)
<checkzoom.eps> [8] [9] [10]
File: checkzoomexp.eps Graphic file (type eps)
 <checkzoomexp.eps>
File: checkmod1exp.eps Graphic file (type eps)
 <checkmod1exp.eps> [11]
[12]
File: checkmod2exp.eps Graphic file (type eps)
 <checkmod2exp.eps> [13

]
File: furiko.eps Graphic file (type eps)
 <furiko.eps>
! Undefined control sequence.
l.445 ^^I^^I\hspace{10mm}  \subfigure
                                     (a)振り子
The control sequence at the end of the top line
of your error message was never \def'ed. If you have
misspelled it (e.g., `\hobx'), type `I' and the correct
spelling (e.g., `I\hbox'). Otherwise just continue,
and I'll forget about whatever was undefined.

File: sensor.eps Graphic file (type eps)
<sensor.eps>
! Undefined control sequence.
l.452 ^^I\hspace{10mm} \subfigure
                                 (b)角速度センサ
The control sequence at the end of the top line
of your error message was never \def'ed. If you have
misspelled it (e.g., `\hobx'), type `I' and the correct
spelling (e.g., `I\hbox'). Otherwise just continue,
and I'll forget about whatever was undefined.


Overfull \hbox (2.84528pt too wide) in paragraph at lines 451--453
 [] 
 []


Overfull \hbox (15.91663pt too wide) in paragraph at lines 440--458
 [] 
 []

[14]
File: check50.eps Graphic file (type eps)
 <check50.eps>
File: check50only.eps Graphic file (type eps)
 <check50only.eps>
File: check50mod1.eps Graphic file (type eps)
 <check50mod1.eps>
File: check50mod2.eps Graphic file (type eps)
 <check50mod2.eps>
[15]

LaTeX Warning: Text page 16 contains only floats.

[16] [17] [18] [19] (./dfe.aux) ) 
Here is how much of TeX's memory you used:
 2219 strings out of 495129
 26457 string characters out of 6182596
 89890 words of memory out of 5000000
 5495 multiletter control sequences out of 15000+600000
 26244 words of font info for 102 fonts, out of 8000000 for 9000
 80 hyphenation exceptions out of 8191
 27i,10n,26p,214b,492s stack positions out of 5000i,500n,10000p,200000b,80000s

Output written on dfe.dvi (19 pages, 39472 bytes).
